e:\qt\gbg\gbg\x64\debug\moc_gbg.obj
e:\qt\gbg\gbg\x64\debug\main.obj
e:\qt\gbg\gbg\x64\debug\gbg.obj
e:\qt\gbg\gbg\x64\debug\qrc_gbg.obj
e:\qt\gbg\gbg\x64\debug\vc141.pdb
e:\qt\gbg\gbg\x64\debug\uic\ui_gbg.h
e:\qt\gbg\gbg\x64\debug\rcc\qrc_gbg.cpp
e:\qt\gbg\gbg\x64\debug\moc\moc_gbg.cpp
e:\qt\gbg\x64\debug\gbg.ilk
e:\qt\gbg\x64\debug\gbg.exe
e:\qt\gbg\x64\debug\gbg.pdb
e:\qt\gbg\gbg\x64\debug\\moc\moc_gbg.cpp
e:\qt\gbg\gbg\x64\debug\\rcc\qrc_gbg.cpp
e:\qt\gbg\gbg\x64\debug\\uic\ui_gbg.h
e:\qt\gbg\gbg\x64\debug\gbg.tlog\cl.11376.write.1.tlog
e:\qt\gbg\gbg\x64\debug\gbg.tlog\cl.command.1.tlog
e:\qt\gbg\gbg\x64\debug\gbg.tlog\cl.read.1.tlog
e:\qt\gbg\gbg\x64\debug\gbg.tlog\gbg.write.1u.tlog
e:\qt\gbg\gbg\x64\debug\gbg.tlog\link.command.1.tlog
e:\qt\gbg\gbg\x64\debug\gbg.tlog\link.read.1.tlog
e:\qt\gbg\gbg\x64\debug\gbg.tlog\link.write.1.tlog
e:\qt\gbg\gbg\x64\debug\gbg.tlog\moc.read.1u.tlog
e:\qt\gbg\gbg\x64\debug\gbg.tlog\moc.write.1u.tlog
e:\qt\gbg\gbg\x64\debug\gbg.tlog\rcc.read.1u.tlog
e:\qt\gbg\gbg\x64\debug\gbg.tlog\rcc.write.1u.tlog
e:\qt\gbg\gbg\x64\debug\gbg.tlog\uic.read.1u.tlog
e:\qt\gbg\gbg\x64\debug\gbg.tlog\uic.write.1u.tlog
